<?xml version="1.0" encoding="UTF-8"?>
<!-- Generated by org.testng.reporters.JUnitReportReporter -->
<testsuite skipped="0" hostname="IBM-Testing01" name="com.training.sanity.tests.ComplexTests" tests="4" failures="0" timestamp="16 Feb 2020 15:00:39 GMT" time="124.267" errors="0">
  <testcase name="validLoginTest" time="71.545" classname="com.training.sanity.tests.ComplexTests"/>
  <testcase name="validLoginTest" time="15.966" classname="com.training.sanity.tests.ComplexTests"/>
  <testcase name="validLoginTest" time="20.093" classname="com.training.sanity.tests.ComplexTests"/>
  <testcase name="validLoginTest" time="16.663" classname="com.training.sanity.tests.ComplexTests"/>
</testsuite> <!-- com.training.sanity.tests.ComplexTests -->
