<?xml version="1.0" encoding="UTF-8"?>
<!-- Generated by org.testng.reporters.JUnitReportReporter -->
<testsuite skipped="0" hostname="IBM-Testing01" name="com.training.sanity.tests.ComplexDbTests" tests="3" failures="0" timestamp="15 Feb 2020 18:18:54 GMT" time="73.568" errors="0">
  <testcase name="validLoginTest" time="23.859" classname="com.training.sanity.tests.ComplexDbTests"/>
  <testcase name="validLoginTest" time="24.158" classname="com.training.sanity.tests.ComplexDbTests"/>
  <testcase name="validLoginTest" time="25.551" classname="com.training.sanity.tests.ComplexDbTests"/>
</testsuite> <!-- com.training.sanity.tests.ComplexDbTests -->
