<?xml version="1.0" encoding="UTF-8"?>
<!-- Generated by org.testng.reporters.JUnitReportReporter -->
<testsuite skipped="0" hostname="IBM-Testing01" name="com.training.sanity.tests.LoginSimpleTests" tests="1" failures="0" timestamp="14 Feb 2020 07:19:14 GMT" time="43.355" errors="0">
  <testcase name="validLoginTest" time="43.355" classname="com.training.sanity.tests.LoginSimpleTests"/>
</testsuite> <!-- com.training.sanity.tests.LoginSimpleTests -->
